<?xml version="1.0" encoding="UTF-8"?>
<testsuite name="memory.MemoryFinderTest" tests="1" skipped="0" failures="0" errors="0" timestamp="2024-06-13T11:36:39" hostname="daeuns-MacBook-Pro.local" time="0.036">
  <properties/>
  <testcase name="get()" classname="memory.MemoryFinderTest" time="0.036"/>
  <system-out><![CDATA[]]></system-out>
  <system-err><![CDATA[]]></system-err>
</testsuite>
