<?xml version="1.0" encoding="UTF-8"?>
<testsuite name="hello.boot.BootApplicationTests" tests="1" skipped="0" failures="0" errors="0" timestamp="2024-06-12T11:32:59" hostname="daeuns-MacBook-Pro.local" time="0.049">
  <properties/>
  <testcase name="contextLoads()" classname="hello.boot.BootApplicationTests" time="0.049"/>
  <system-out><![CDATA[20:32:58.901 [Test worker] DEBUG org.springframework.boot.test.context.SpringBootTestContextBootstrapper - Neither @ContextConfiguration nor @ContextHierarchy found for test class [BootApplicationTests]: using SpringBootContextLoader
20:32:58.903 [Test worker] DEBUG org.springframework.test.context.support.AbstractContextLoader - Could not detect default resource locations for test class [hello.boot.BootApplicationTests]: no resource found for suffixes {-context.xml, Context.groovy}.
20:32:58.903 [Test worker] INFO org.springframework.test.context.support.AnnotationConfigContextLoaderUtils - Could not detect default configuration classes for test class [hello.boot.BootApplicationTests]: BootApplicationTests does not declare any static, non-private, non-final, nested classes annotated with @Configuration.
20:32:58.909 [Test worker] DEBUG org.springframework.boot.test.context.SpringBootTestContextBootstrapper - Using ContextCustomizers for test class [BootApplicationTests]: [DisableObservabilityContextCustomizer, PropertyMappingContextCustomizer, Customizer, ExcludeFilterContextCustomizer, DuplicateJsonObjectContextCustomizer, MockitoContextCustomizer, TestRestTemplateContextCustomizer]
20:32:58.928 [Test worker] DEBUG org.springframework.context.annotation.ClassPathScanningCandidateComponentProvider - Identified candidate component class: file [/Users/daeun/boot/build/classes/java/main/hello/boot/BootApplication.class]
20:32:58.929 [Test worker] INFO org.springframework.boot.test.context.SpringBootTestContextBootstrapper - Found @SpringBootConfiguration hello.boot.BootApplication for test class hello.boot.BootApplicationTests
20:32:58.951 [Test worker] DEBUG org.springframework.test.context.util.TestContextSpringFactoriesUtils - Skipping candidate TestExecutionListener [org.springframework.test.context.transaction.TransactionalTestExecutionListener] due to a missing dependency. Specify custom TestExecutionListener classes or make the default TestExecutionListener classes and their required dependencies available. Offending class: [org/springframework/transaction/interceptor/TransactionAttributeSource]
20:32:58.952 [Test worker] DEBUG org.springframework.test.context.util.TestContextSpringFactoriesUtils - Skipping candidate TestExecutionListener [org.springframework.test.context.jdbc.SqlScriptsTestExecutionListener] due to a missing dependency. Specify custom TestExecutionListener classes or make the default TestExecutionListener classes and their required dependencies available. Offending class: [org/springframework/transaction/interceptor/TransactionAttribute]
20:32:58.952 [Test worker] DEBUG org.springframework.boot.test.context.SpringBootTestContextBootstrapper - Using TestExecutionListeners for test class [BootApplicationTests]: [ServletTestExecutionListener, DirtiesContextBeforeModesTestExecutionListener, ApplicationEventsTestExecutionListener, MockitoTestExecutionListener, DependencyInjectionTestExecutionListener, DirtiesContextTestExecutionListener, EventPublishingTestExecutionListener, RestDocsTestExecutionListener, MockRestServiceServerResetTestExecutionListener, MockMvcPrintOnlyOnFailureTestExecutionListener, WebDriverTestExecutionListener, MockWebServiceServerTestExecutionListener, ResetMocksTestExecutionListener]
20:32:58.953 [Test worker] DEBUG org.springframework.test.context.support.AbstractDirtiesContextTestExecutionListener - Before test class: class [BootApplicationTests], class annotated with @DirtiesContext [false] with mode [null]

  .   ____          _            __ _ _
 /\\ / ___'_ __ _ _(_)_ __  __ _ \ \ \ \
( ( )\___ | '_ | '_| | '_ \/ _` | \ \ \ \
 \\/  ___)| |_)| | | | | || (_| |  ) ) ) )
  '  |____| .__|_| |_|_| |_\__, | / / / /
 =========|_|==============|___/=/_/_/_/
?[32m :: Spring Boot :: ?[39m              ?[2m (v3.0.2)?[0;39m

?[2m2024-06-12T20:32:59.047+09:00?[0;39m ?[32m INFO?[0;39m ?[35m48029?[0;39m ?[2m---?[0;39m ?[2m[    Test worker]?[0;39m ?[36mhello.boot.BootApplicationTests         ?[0;39m ?[2m:?[0;39m Starting BootApplicationTests using Java 22 with PID 48029 (started by daeun in /Users/daeun/boot)
?[2m2024-06-12T20:32:59.048+09:00?[0;39m ?[32m INFO?[0;39m ?[35m48029?[0;39m ?[2m---?[0;39m ?[2m[    Test worker]?[0;39m ?[36mhello.boot.BootApplicationTests         ?[0;39m ?[2m:?[0;39m No active profile set, falling back to 1 default profile: "default"
?[2m2024-06-12T20:32:59.333+09:00?[0;39m ?[32m INFO?[0;39m ?[35m48029?[0;39m ?[2m---?[0;39m ?[2m[    Test worker]?[0;39m ?[36mhello.boot.BootApplicationTests         ?[0;39m ?[2m:?[0;39m Started BootApplicationTests in 0.369 seconds (process running for 0.696)
]]></system-out>
  <system-err><![CDATA[]]></system-err>
</testsuite>
